 ****** PrimeSim HSPICE -- V-2023.12-SP2 linux64 (May 28 2024 8970365) ******
  Copyright (c) 1986 - 2025 by Synopsys, Inc. All Rights Reserved.
  This software and the associated documentation are proprietary
  to Synopsys, Inc. This software may only be used in accordance
  with the terms and conditions of a written license agreement with
  Synopsys, Inc. All other use, reproduction, or distribution of
  this software is strictly prohibited.
  Input File: testbench.sp                                                      
  Command line options: /home/user_r/synopsys/hspice/V-2023.12-SP2/hspice/linux64/hspice testbench.sp -o output
  Start time: Mon Sep  8 04:34:31 2025
 lic:  
 lic: FLEXlm: SDK_12.11.9.5 
 lic: USER:   user_r               HOSTNAME: mario 
 lic: HOSTID: ffffffff91736e9d     PID:      18617 
 lic: Using FLEXlm license file: 
 lic: 27020@115.145.157.110 
 lic: Checkout 1 hspice 
 lic: License/Maintenance for hspice will expire on 24-mar-2026/2024.09 
 lic: 2(in_use)/5(total) FLOATING license(s) on SERVER 27020@115.145.157.110 
 lic:   
 **info** *pvaI* current limit stacksize=8388608, set new limit stacksize=62914560

 **info** *pvaI* Module (sin_wave_relay): 2 unexpanded port, 0 init, 4 behav, 1 contrib, 6/2 expr(s)

 **info** *pvaI*        Has DIS(SB), 0/0 afCount, 0 MT, dlg, IO(0/1/1/1)

 **info** *pvaI*        0 gmdIsThreadSafe (SB)

 **info** *pvaI*        0 const-G and 0 const-C, No switchBranch, 22 bypassOpt, 0 bus2scalar, 0 vwb

 **info** *pvaI*        set_va_exp = 80 [80.0, 704.0] set by default

 **warning** *pvaW*        variable 'current_timestep' initialized but not used in RHS, deleted (BlackBox.va:9)

 **warning** *pvaW*                   To relax this rule, use 'setenv PVA_KEEP_VARS 1' to keep variables for probing.

 **info** *pvaI*        For analog block, use $abstime() instead of $realtime().

 **info** *pvaI*        generated 1 flow node(s) during compilation.

 **info** *pvaI* #### Total 93 line-size(s), 6/2 expr(s), 1 contr(s), 0 init(s), 4 behav(s), 2 port(s)

 Loading pVA library output/testbench.pvadir/pvaRTL_linux64.so...
1****** PrimeSim HSPICE -- V-2023.12-SP2 linux64 (May 28 2024 8970365) ******
 ******  
 * simple test

 ****** circuit name directory
 circuit number to circuit name directory
   number circuitname                     definition         multiplier
        0 main circuit
        1 xdev.                           sin_wave_relay(va)
                                                                 1.00 
  **info** (testbench.sp:6) DC voltage reset to initial transient source value in source 0:vin1. new dc=0.0000D+00
 **info** *pvaI* Creating VA module (sin_wave_relay) for instance XDEV

 **info** *pvaI*        termCount=3 diwSize=8 probeSize=5 Qsize=0 Isize=2

  
      
 *****************************************************************
 ******  option summary
 ******
 runlvl  = 3         bypass  = 2.0000    
 Begin of pVA simulation on Mon Sep  8 04:34:32 2025	


 **info** dc convergence successful at Newton-Raphson method 
 ******  
 * simple test

 ****** operating point information tnom=  25.000 temp=  25.000 ******
 ****** operating point status is voltage   simulation time is     0.     
    node    =voltage      node    =voltage

 +0:i       =   0.      0:o       = -74.2979m

 volt: -0.074298

 **info** *pvaI* minimum timestep = 1e-13

 volt: -0.194897

 volt: 0.337285

 volt: -0.179344

 volt: 0.052762

 volt: 0.499569

 volt: 0.491508

 volt: 0.211794

 volt: 0.153224

 volt: 0.338084

 volt: 0.315685

 volt: 0.311775

 volt: 0.313695

 volt: 0.323365

 volt: 0.345353

 volt: 0.389844

 volt: 0.438464

 volt: 0.499144

 volt: 0.584462

 volt: 0.686064

 volt: 0.857071

 volt: 0.979789

 volt: 0.956967

 volt: 0.864790

 volt: 0.863070

 volt: 0.935415

 volt: 0.980788

 volt: 0.970278

 volt: 1.004719

 volt: 1.047496

 volt: 1.010584

 volt: 0.968390

 volt: 0.974500

 volt: 0.997470

 volt: 0.985660

 volt: 0.948808

 volt: 0.903524

 volt: 0.835514

 volt: 0.749346

 volt: 0.688901

 volt: 0.664012

 volt: 0.545005

 volt: 0.328767

 volt: 0.115131

 volt: -0.030793

 volt: -0.136183

 volt: -0.353010

 volt: -0.530096

 volt: -0.607560

 volt: -0.651384

 volt: -0.733582

 volt: -0.881494

 volt: -0.918994

 volt: -0.727697

 volt: -0.759291

 volt: -0.808390

 volt: -0.833364

 volt: -0.817687

 volt: -0.827684

 volt: -0.854867

 volt: -0.873049

 volt: -0.897558

 volt: -0.910839

 volt: -0.931088

 volt: -0.963339

 volt: -1.031103

 volt: -1.091612

 volt: -1.049873

 volt: -0.969850

 volt: -0.956629

 volt: -0.985217

 volt: -0.981589

 volt: -0.936949

 volt: -0.842780

 volt: -0.738110

 volt: -0.686281

 volt: -0.704035

 volt: -0.698302

 volt: -0.624955

 volt: -0.499223

 volt: -0.386967

 volt: -0.259950

 volt: -0.083584

 volt: 0.095008

 volt: 0.144452

 volt: 0.116740

 volt: 0.111342

 volt: 0.200034

 volt: 0.342811

 volt: 0.439416

 volt: 0.486887

 volt: 0.599313

 volt: 0.762285

 volt: 0.900670

 volt: 0.931519

 volt: 0.910815

 volt: 0.915808

 volt: 0.957926

 volt: 1.099728

 volt: 1.116003

 volt: 0.956680

 volt: 0.838968

 volt: 0.863009

 volt: 0.867242

 volt: 0.786410

 volt: 0.721730

 volt: 0.759107

 volt: 0.813678

 volt: 0.793962

 volt: 0.763354

 volt: 0.754309

 volt: 0.754196

 volt: 0.734203

 volt: 0.697631

 volt: 0.648586

 volt: 0.577727

 volt: 0.474696

 volt: 0.289943

 volt: -0.063213

 volt: -0.304763

 volt: 0.042102

 volt: 0.171935

 volt: -0.004608

 volt: -0.192847

 volt: -0.165846

 volt: -0.045599

 volt: -0.028002

 volt: -0.081352

 volt: -0.141046

 volt: -0.134713

 volt: -0.153584

 volt: -0.179340

 volt: -0.214945

 volt: -0.269136

 volt: -0.336738

 volt: -0.432093

 volt: -0.732915

 volt: -1.086572

 volt: -1.067261

 volt: -0.661656

 volt: -0.738414

 volt: -0.848962

 volt: -0.851662

 volt: -0.816156

 volt: -0.831169

 volt: -0.853042

 volt: -0.869389

 volt: -0.896191

 volt: -0.919534

 volt: -0.967751

 volt: -1.023010

 volt: -1.100758

 volt: -1.088713

 volt: -0.971417

 volt: -0.882010

 volt: -0.869281

 volt: -0.829624

 volt: -0.750469

 volt: -0.704715

 volt: -0.716532

 volt: -0.701601

 volt: -0.622505

 volt: -0.508706

 volt: -0.405963

 volt: -0.291319

 volt: -0.122109

 volt: 0.073655

 volt: 0.162933

 volt: 0.171399

 volt: 0.164271

 volt: 0.242745

 volt: 0.396718

 volt: 0.556534

 volt: 0.646927

 volt: 0.717903

 volt: 0.885991

 volt: 0.959436

 volt: 0.768789

 volt: 0.743091

 volt: 0.812504

 volt: 0.878213

 volt: 0.867415

 volt: 0.857249

 volt: 0.876808

 volt: 0.910476

 volt: 0.952634

 volt: 0.986281

 volt: 1.024601

 volt: 1.037345

 volt: 1.026224

 volt: 1.004483

 volt: 0.972222

 volt: 0.889585

 volt: 0.742151

 volt: 0.638554

 volt: 0.649703

 volt: 0.662523

 volt: 0.590760

 volt: 0.470146

 volt: 0.359092

 volt: 0.250250

 volt: 0.026576

 volt: -0.213683

 volt: -0.277657

 volt: -0.171195

 volt: -0.134318

 volt: -0.249794

 volt: -0.448548

 volt: -0.541847

 volt: -0.554327

 volt: -0.606818

 volt: -0.682005

 volt: -0.891086

 volt: -0.993702

 volt: -0.745345

 volt: -0.738121

 volt: -0.813533

 volt: -0.862901

 volt: -0.841532

 volt: -0.833181

 volt: -0.864706

 volt: -0.892262

 volt: -0.923591

 volt: -0.933950

 volt: -0.949917

 volt: -0.975950

 volt: -1.044604

 volt: -1.083743

 volt: -1.039194

 volt: -0.942414

 volt: -0.868289

 volt: -0.831034

 volt: -0.786151

 volt: -0.752555

 volt: -0.755330

 volt: -0.775457

 volt: -0.754710

 volt: -0.708266

 volt: -0.663339

 volt: -0.621899

 volt: -0.531470

 volt: -0.382085

 volt: -0.143350

 volt: 0.119048

 volt: 0.206155

 volt: 0.138539

 volt: 0.068698

 volt: 0.148741

 volt: 0.291947

 volt: 0.356257

 volt: 0.340994

 volt: 0.381249

 volt: 0.466313

 volt: 0.646474

 volt: 0.804047

 volt: 0.834343

 volt: 0.829710

 volt: 0.828531

 volt: 0.861989

 volt: 0.891996

 volt: 0.936103

 volt: 0.988711

 volt: 1.028468

 volt: 1.032375

 volt: 1.016829

 volt: 0.983942

 volt: 0.962804

 volt: 0.934760

 volt: 0.815439

 volt: 0.631919

 volt: 0.548860

 volt: 0.537408

 volt: 0.479305

 volt: 0.376180

 volt: 0.178333

 volt: -0.039651

 volt: -0.178029

 volt: -0.186743

 volt: -0.115032

 volt: -0.135769

 volt: -0.277777

 volt: -0.440322

 volt: -0.515189

 volt: -0.528769

 volt: -0.565542

 volt: -0.673427

 volt: -0.785861

 volt: -0.865368

 volt: -0.885059

 volt: -0.877159

 volt: -0.888951

 volt: -0.928794

 volt: -1.014996

 volt: -1.116421

 volt: -1.083425

 volt: -0.952782

 volt: -0.888063

 volt: -0.915188

 volt: -0.917886

 volt: -0.853393

 volt: -0.759373

 volt: -0.699696

 volt: -0.682494

 volt: -0.631100

 volt: -0.535832

 volt: -0.357675

 volt: -0.147343

 volt: 0.056334

 volt: 0.175303

 volt: 0.215490

 volt: 0.196426

 volt: 0.289354

 volt: 0.470771

 volt: 0.765850

 volt: 0.937044

 volt: 0.881699

 volt: 0.783215

 volt: 0.795882

 volt: 0.868645

 volt: 0.898789

 volt: 0.900800

 volt: 0.902861

 volt: 0.958961

 volt: 0.997452

 volt: 1.027844

 volt: 1.033451

 volt: 1.016400

 volt: 0.972676

 volt: 0.915202

 volt: 0.824603

 volt: 0.731147

 volt: 0.669522

 volt: 0.655236

 volt: 0.588491

 volt: 0.422363

 volt: 0.213871

 volt: 0.034370

 volt: -0.161796

 volt: -0.384898

 volt: -0.475725

 volt: -0.552662

 volt: -0.788457

 volt: -0.997299

 volt: -0.923873

 volt: -0.749155

 volt: -0.724478

 volt: -0.842981

 volt: -0.914206

 volt: -0.893178

 volt: -0.897943

 volt: -0.931684

 volt: -0.988121

 volt: -1.028634

 volt: -1.037832

 volt: -1.020813

 volt: -0.999615

 volt: -0.978371

 volt: -0.929739

 volt: -0.796637

 volt: -0.626486

 volt: -0.570231

 volt: -0.558496

 volt: -0.467010

 volt: -0.330658

 volt: -0.057457

 volt: 0.220504

 volt: 0.198977

 volt: -0.112580

 volt: -0.039802

 volt: 0.083334

 volt: 0.088009

 volt: 0.020818

 volt: 0.017150

 volt: 0.025828

 volt: 0.047932

 volt: 0.091719

 volt: 0.120637

 volt: 0.173422

 volt: 0.232664

 volt: 0.390038

 volt: 0.625806

 volt: 0.782301

 volt: 0.821084

 volt: 0.883968

 volt: 0.937119

 volt: 0.913598

 volt: 0.900804

 volt: 0.954123

 volt: 1.030136

 volt: 1.037853

 volt: 0.991258

 volt: 0.963120

 volt: 0.972832

 volt: 0.971523

 volt: 0.941654

 volt: 0.824073

 volt: 0.644968

 volt: 0.573070

 volt: 0.567339

 volt: 0.509568

 volt: 0.408178

 volt: 0.206832

 volt: -0.009581

 volt: -0.138869

 volt: -0.112447

 volt: -0.037323

 volt: -0.047174

 volt: -0.165587

 volt: -0.284179

 volt: -0.333866

 volt: -0.402527

 volt: -0.563875

 volt: -0.738094

 volt: -0.994128

 volt: -1.102084

 volt: -0.937633

 volt: -0.806813

 volt: -0.875523

 volt: -0.988233

 volt: -1.011407

 volt: -0.975220

 volt: -0.984256

 volt: -1.020094

 volt: -0.998733

 volt: -0.981284

 volt: -0.971645

 volt: -0.951912

 volt: -0.910240

 volt: -0.801619

 volt: -0.652366

 volt: -0.586286

 volt: -0.542861

 volt: -0.439393

 volt: -0.316667

 volt: -0.137210

 volt: 0.081436

 volt: 0.180765

 volt: 0.153414

 volt: 0.095496

 volt: 0.157394

 volt: 0.302604

 volt: 0.384564

 volt: 0.389541

 volt: 0.430367

 volt: 0.515079

 volt: 0.700606

 volt: 0.872361

 volt: 0.950809

 volt: 0.928960

 volt: 0.854695

 volt: 0.870862

 volt: 0.948744

 volt: 0.996408

 volt: 0.991212

 volt: 1.002617

 volt: 1.016571

 volt: 1.012392

 volt: 0.968700

 volt: 0.921257

 volt: 0.857355

 volt: 0.756556

 volt: 0.623533

 volt: 0.502598

 volt: 0.310013

 volt: 0.034005

 volt: -0.195790

 volt: -0.177606

 volt: -0.033306

 volt: 0.007522

 volt: -0.124805

 volt: -0.253100

 volt: -0.261428

 volt: -0.232908

 volt: -0.255276

 volt: -0.333840

 volt: -0.445770

 volt: -0.551730

 volt: -0.595899

 volt: -0.634012

 volt: -0.699157

 volt: -0.832180

 volt: -0.939020

 volt: -0.993941

 volt: -0.972409

 volt: -0.966079

 volt: -1.003465

 volt: -1.050635

 volt: -1.022952

 volt: -0.957398

 volt: -0.926919

 volt: -0.922021

 volt: -0.896711

 volt: -0.810858

 volt: -0.738626

 volt: -0.709028

 volt: -0.718528

 volt: -0.686048

 volt: -0.603560

 volt: -0.457459

 volt: -0.310551

 volt: -0.186604

 volt: -0.057593

 volt: 0.110165

 volt: 0.146000

 volt: -0.068702

 volt: -0.039145

 volt: 0.053704

 volt: 0.068493

 volt: 0.021514

 volt: -0.000699

 volt: 0.027085

 volt: 0.049338

 volt: 0.077655

 volt: 0.086519

 volt: 0.105759

 volt: 0.134149

 volt: 0.207452

 volt: 0.316801

 volt: 0.425705

 volt: 0.514733

 volt: 0.673674

 volt: 0.890116

 volt: 1.006187

 volt: 0.948111

 volt: 0.839260

 volt: 0.850158

 volt: 0.936078

 volt: 0.976910

 volt: 0.960669

 volt: 0.977474

 volt: 1.010925

 volt: 1.021481

 volt: 1.001488

 volt: 0.979652

 volt: 0.966666

 volt: 0.927555

 volt: 0.846042

 volt: 0.746444

 volt: 0.614828

 volt: 0.484609

 volt: 0.355811

 volt: 0.205027

 volt: 0.029205

 volt: -0.165378

 volt: -0.408648

 volt: -0.850961

 volt: -1.260054

 volt: -0.412116

 volt: -0.542069

 volt: -0.860225

 volt: -0.935038

 volt: -0.824513

 volt: -0.787316

 volt: -0.841040

 volt: -0.887618

 volt: -0.877391

 volt: -0.887732

 volt: -0.904328

 volt: -0.921984

 volt: -0.945570

 volt: -0.976832

 volt: -1.038527

 volt: -1.086207

 volt: -1.053941

 volt: -0.950338

 volt: -0.862034

 volt: -0.822226

 volt: -0.773672

 volt: -0.684562

 volt: -0.625543

 volt: -0.541558

 volt: -0.397558

 volt: -0.262680

 volt: -0.134246

 volt: 0.085092

 volt: 0.199717

 volt: -0.045535

 volt: -0.091487

 volt: 0.036767

 volt: 0.129801

 volt: 0.091530

 volt: 0.027217

 volt: 0.034083

 volt: 0.067583

 volt: 0.113897

 volt: 0.122429

 volt: 0.148300

 volt: 0.175310

 volt: 0.218195

 volt: 0.333646

 volt: 0.484736

 volt: 0.770312

 volt: 0.991478

 volt: 0.973143

 volt: 0.833634

 volt: 0.776843

 volt: 0.861898

 volt: 0.956738

 volt: 0.957049

 volt: 0.928041

 volt: 0.957483

 volt: 0.985875

 volt: 1.013875

 volt: 1.024677

 volt: 1.014779

 volt: 0.982301

 volt: 0.926134

 volt: 0.834001

 volt: 0.732062

 volt: 0.666537

 volt: 0.658007

 volt: 0.593964

 volt: 0.441721

 volt: 0.258497

 volt: 0.112672

 volt: -0.136641

 volt: -0.489109

 volt: -0.575888

 volt: -0.517481

 volt: -0.592319

 volt: -0.757153

 volt: -0.897022

 volt: -0.888368

 volt: -0.796375

 volt: -0.782436

 volt: -0.834564

 volt: -0.885345

 volt: -0.924500

 volt: -0.949339

 volt: -1.001496

 volt: -1.037211

 volt: -1.033389

 volt: -1.013654

 volt: -0.987525

 volt: -0.978423

 volt: -0.963654

 volt: -0.901244

 volt: -0.774562

 volt: -0.599805

 volt: -0.485473

 volt: -0.344306

 volt: -0.143949

 volt: 0.012028

 volt: 0.131430

 volt: 0.261650

 volt: 0.339328

 volt: 0.514829

 volt: 0.891573

 volt: 1.148308

 volt: 0.711378

 volt: 0.588748

 volt: 0.775959

 volt: 0.928996

 volt: 0.885292

 volt: 0.823257

 volt: 0.838254

 volt: 0.887290

 volt: 0.915240

 volt: 0.913513

 volt: 0.935044

 volt: 0.960532

 volt: 0.989045

 volt: 1.019871

 volt: 1.039765

 volt: 1.023998

 volt: 0.992258

 volt: 0.973968

 volt: 0.953649

 volt: 0.861805

 volt: 0.724298

 volt: 0.662987

 volt: 0.708477

 volt: 0.737990

 volt: 0.685525

 volt: 0.552438

 volt: 0.443955

 volt: 0.385501

 volt: 0.321395

 volt: 0.226178

 volt: 0.004952

 volt: -0.207868

 volt: -0.229498

 volt: -0.103736

 volt: -0.075248

 volt: -0.181348

 volt: -0.310621

 volt: -0.334801

 volt: -0.347766

 volt: -0.431475

 volt: -0.508466

 volt: -0.575163

 volt: -0.801844

 volt: -1.059218

 volt: -1.056993

 volt: -0.870402

 volt: -0.800085

 volt: -0.897789

 volt: -0.984862

 volt: -0.975283

 volt: -0.967467

 volt: -1.003657

 volt: -1.024708

 volt: -1.012700

 volt: -0.990027

 volt: -0.984909

 volt: -0.979888

 volt: -0.947893

 volt: -0.865483

 volt: -0.752634

 volt: -0.652998

 volt: -0.579678

 volt: -0.424763

 volt: -0.163244

 volt: 0.131093

 volt: 0.236095

 volt: 0.038066

 volt: -0.110361

 volt: -0.003595

 volt: 0.194949

 volt: 0.228641

 volt: 0.114429

 volt: 0.072956

 volt: 0.147501

 volt: 0.263409

 volt: 0.265182

 volt: 0.313914

 volt: 0.374643

 volt: 0.487315

 volt: 0.611420

 volt: 0.685291

 volt: 0.730878

 volt: 0.819943

 volt: 0.912171

 volt: 0.966304

 volt: 0.956721

 volt: 0.961927

 volt: 1.023500

 volt: 1.059236

 volt: 1.016460

 volt: 0.949095

 volt: 0.931017

 volt: 0.938416

 volt: 0.918347

 volt: 0.847697

 volt: 0.759334

 volt: 0.678291

 volt: 0.633377

 volt: 0.550202

 volt: 0.373363

 volt: 0.136462

 volt: -0.135699

 volt: -0.230444

 volt: 0.017410

 volt: 0.100233

 volt: -0.018723

 volt: -0.167852

 volt: -0.160731

 volt: -0.071066

 volt: -0.054960

 volt: -0.103622

 volt: -0.178491

 volt: -0.180628

 volt: -0.207143

 volt: -0.240777

 volt: -0.300563

 volt: -0.393980

 volt: -0.500057

 volt: -0.608891

 volt: -0.937813

 volt: -1.119516

 volt: -0.666865

 volt: -0.797740

 volt: -0.860315

 volt: -0.814638

 volt: -0.786326

 volt: -0.817678

 volt: -0.826544

 volt: -0.842341

 volt: -0.841839

 volt: -0.845767

 volt: -0.854626

 volt: -0.879412

 volt: -0.916310

 volt: -0.964028

 volt: -1.012691

 volt: -1.058315

 volt: -1.066526

 volt: -1.027979

 volt: -0.940943

 volt: -0.834527

 volt: -0.737384

 volt: -0.668340

 volt: -0.607411

 volt: -0.470596

 volt: -0.254404

 volt: 0.040251

 volt: 0.251517

 volt: 0.278231

 volt: 0.170026

 volt: 0.155458

 volt: 0.285950

 volt: 0.456249

 volt: 0.524162

 volt: 0.561560

 volt: 0.734220

 volt: 0.881584

 volt: 0.917051

 volt: 0.869791

 volt: 0.843165

 volt: 0.892944

 volt: 0.977246

 volt: 1.002999

 volt: 1.000266

 volt: 1.006464

 volt: 1.007279

 volt: 1.000379

 volt: 0.969690

 volt: 0.912039

 volt: 0.787454

 volt: 0.627295

 volt: 0.570659

 volt: 0.547360

 volt: 0.436511

 volt: 0.287561

 volt: -0.015041

 volt: -0.283998

 volt: -0.257236

 volt: -0.051091

 volt: 0.006298

 volt: -0.139751

 volt: -0.290558

 volt: -0.277807

 volt: -0.228902

 volt: -0.285089

 volt: -0.335915

 volt: -0.381024

 volt: -0.506367

 volt: -0.704675

 volt: -0.835916

 volt: -0.869112

 volt: -0.863446

 volt: -0.886627

 volt: -0.913817

 volt: -0.985059

 volt: -1.068285

 volt: -1.078174

 volt: -0.996938

 volt: -0.934445

 volt: -0.933445

 volt: -0.938064

 volt: -0.904970

 volt: -0.836169

 volt: -0.759598

 volt: -0.640262

 volt: -0.507920

 volt: -0.354932

 volt: -0.175932

 volt: 0.029060

 volt: 0.181731

 volt: 0.350081

 volt: 0.440975

 volt: 0.494327

 volt: 0.600351

 volt: 0.718769

 volt: 0.877512

 volt: 0.937092

 volt: 0.891539

 volt: 0.838776

 volt: 0.887277

 volt: 0.947891

 volt: 0.984675

 volt: 0.977016

 volt: 1.031042

 volt: 1.052654

 volt: 0.979045

 volt: 0.924877

 volt: 0.907702

 volt: 0.833704

 volt: 0.722829

 volt: 0.785926

 volt: 0.857261

 volt: 0.818265

 volt: 0.763587

 volt: 0.763669

 volt: 0.787059

 volt: 0.780694

 volt: 0.756382

 volt: 0.731723

 volt: 0.712995

 volt: 0.663399

 volt: 0.589840

 volt: 0.463212

 volt: 0.304538

 volt: 0.149842

 volt: -0.009509

 volt: -0.152090

 volt: -0.264730

 volt: -0.309693

 volt: -0.490415

 volt: -0.794402

 volt: -1.000980

 volt: -0.958819

 volt: -0.831848

 volt: -0.790777

 volt: -0.877359

 volt: -0.968775

 volt: -0.980191

 volt: -0.978834

 volt: -0.988055

 volt: -1.018943

 volt: -1.024443

 volt: -0.965120

 volt: -0.859424

 volt: -0.748200

 volt: -0.639816

 volt: -0.558754

 volt: -0.381607

 volt: 0.062573

 volt: 0.383656

 volt: -0.249645

 volt: -0.050680

 volt: 0.149383

 volt: 0.110918

 volt: -0.018182

 volt: -0.046318

 volt: -0.007255

 volt: 0.056599

 volt: 0.059075

 volt: 0.069432

 volt: 0.088024

 volt: 0.132941

 volt: 0.199077

 volt: 0.280581

 volt: 0.368110

 volt: 0.489878

 volt: 0.814754

 volt: 1.146649

 volt: 0.798999

 volt: 0.592667

 volt: 0.750382

 volt: 0.957638

 volt: 0.937170

 volt: 0.834490

 volt: 0.841502

 volt: 0.897715

 volt: 0.929430

 volt: 0.921520

 volt: 0.936613

 volt: 0.956464

 volt: 0.976100

 volt: 1.002250

 volt: 1.028475

 volt: 1.035849

 volt: 1.015024

 volt: 0.970701

 volt: 0.907312

 volt: 0.814148

 volt: 0.728452

 volt: 0.684895

 volt: 0.686423

 volt: 0.643813

 volt: 0.530820

 volt: 0.352181

 volt: 0.187171

 volt: 0.035602

 volt: -0.148408

 volt: -0.254860

 volt: -0.254954

 volt: -0.294253

 volt: -0.434090

 volt: -0.595163

 volt: -0.695659

 volt: -0.836911

 volt: -0.977534

 volt: -0.962108

 volt: -0.841957

 volt: -0.828097

 volt: -0.911010

 volt: -0.965756

 volt: -0.961414

 volt: -0.979605

 volt: -1.024458

 volt: -1.032299

 volt: -1.007770

 volt: -0.980146

 volt: -0.965470

 volt: -0.933741

 volt: -0.864130

 volt: -0.760882

 volt: -0.649610

 volt: -0.566352

 volt: -0.371103

 volt: 0.002882

 volt: 0.311701

 volt: 0.365838

 volt: 0.213854

 volt: 0.147554

 volt: 0.285931

 volt: 0.550542

 volt: 0.675972

 volt: 0.651333

 volt: 0.621604

 volt: 0.690555

 volt: 0.802427

 volt: 0.872673

 volt: 0.863071

 volt: 0.812027

 volt: 0.812401

 volt: 0.840629

 volt: 0.892965

 volt: 0.921387

 volt: 0.943775

 volt: 0.991785

 volt: 1.040452

 volt: 1.061262

 volt: 1.031175

 volt: 0.965251

 volt: 0.918294

 volt: 0.888383

 volt: 0.828550

 volt: 0.749498

 volt: 0.684721

 volt: 0.645637

 volt: 0.494310

 volt: 0.210339

 volt: -0.059525

 volt: -0.213269

 volt: -0.255423

 volt: -0.218842

 volt: -0.282616

 volt: -0.451304

 volt: -0.719697

 volt: -0.882868

 volt: -0.862459

 volt: -0.819714

 volt: -0.837748

 volt: -0.861332

 volt: -0.906321

 volt: -0.976870

 volt: -1.017929

 volt: -1.035518

 volt: -1.014278

 volt: -0.997973

 volt: -0.965656

 volt: -0.898402

 volt: -0.775086

 volt: -0.627157

 volt: -0.557473

 volt: -0.482926

 volt: -0.323423

 volt: -0.161007

 volt: 0.007388

 volt: 0.161029

 volt: 0.210736

 volt: 0.160699

 volt: 0.175698

 volt: 0.298830

 volt: 0.480567

 volt: 0.559776

 volt: 0.675034

 volt: 0.972026

 volt: 1.048790

 volt: 0.721108

 volt: 0.822022

 volt: 0.842982

 volt: 0.791809

 volt: 0.790793

 volt: 0.814237

 volt: 0.818514

 volt: 0.834817

 volt: 0.834331

 volt: 0.838156

 volt: 0.845494

 volt: 0.863606

 volt: 0.897428

 volt: 0.954288

 volt: 1.020342

 volt: 1.095465

 volt: 1.076570

 volt: 0.984256

 volt: 0.939291

 volt: 0.954391

 volt: 0.948168

 volt: 0.894296

 volt: 0.811279

 volt: 0.743311

 volt: 0.703284

 volt: 0.681124

 volt: 0.615460

 volt: 0.291809

 volt: -0.200434

 volt: -0.367949

 volt: 0.197834

 volt: 0.039081

 volt: -0.121932

 volt: -0.113539

 volt: -0.022531

 volt: 0.031665

 volt: -0.004266

 volt: -0.080033

 volt: -0.073753

 volt: -0.076822

 volt: -0.086580

 volt: -0.119110

 volt: -0.173184

 volt: -0.253406

 volt: -0.335518

 volt: -0.427775

 volt: -0.560894

 volt: -0.718445

 volt: -1.010276

 volt: -1.161119

 volt: -1.019309

 volt: -0.867807

 volt: -0.912195

 volt: -1.015737

 volt: -1.029379

 volt: -0.972019

 volt: -0.949706

 volt: -0.976525

 volt: -0.973505

 volt: -0.955393

 volt: -0.903092

 volt: -0.799481

 volt: -0.724659

 volt: -0.725681

 volt: -0.763538

 volt: -0.760277

 volt: -0.713782

 volt: -0.670600

 volt: -0.642725

 volt: -0.545590

 volt: -0.401489

 volt: -0.263465

 volt: -0.149182

 volt: -0.008437

 volt: 0.140859

 volt: 0.213984

 volt: 0.193576

 volt: 0.232140

 volt: 0.370396

 volt: 0.525981

 volt: 0.608932

 volt: 0.694971

 volt: 0.967212

 volt: 1.097151

 volt: 0.932315

 volt: 0.791691

 volt: 0.875703

 volt: 0.997367

 volt: 1.004942

 volt: 0.951676

 volt: 0.970293

 volt: 1.015104

 volt: 1.009064

 volt: 0.996991

 volt: 0.988924

 volt: 0.979273

 volt: 0.942491

 volt: 0.834340

 volt: 0.717632

 volt: 0.683014

 volt: 0.725589

 volt: 0.733568

 volt: 0.674037

 volt: 0.593575

 volt: 0.539317

 volt: 0.437277

 volt: 0.194837

 volt: -0.070564

 volt: -0.203141

 volt: -0.178013

 volt: -0.099848

 volt: -0.139246

 volt: -0.278885

 volt: -0.393948

 volt: -0.430579

 volt: -0.456803

 volt: -0.569171

 volt: -0.717617

 volt: -0.891288

 volt: -0.972345

 volt: -0.921639

 volt: -0.833828

 volt: -0.852069

 volt: -0.923089

 volt: -0.959157

 volt: -0.952201

 volt: -0.973279

 volt: -1.018777

 volt: -1.040072

 volt: -1.023311

 volt: -0.981626

 volt: -0.955157

 volt: -0.929094

 volt: -0.872185

 volt: -0.769754

 volt: -0.596616

 volt: -0.427313

 volt: -0.276140

 volt: -0.128724

 volt: 0.017447

 volt: 0.137360

 volt: 0.257913

 volt: 0.352429

 volt: 0.512597

 volt: 0.765164

 volt: 0.957087

 volt: 0.959411

 volt: 0.848408

 volt: 0.797381

 volt: 0.874867

 volt: 0.970136

 volt: 0.977637

 volt: 0.965245

 volt: 0.976680

 volt: 1.009920

 volt: 1.013948

 volt: 0.992829

 volt: 0.978154

 volt: 0.976044

 volt: 0.947520

 volt: 0.883291

 volt: 0.772474

 volt: 0.653087

 volt: 0.604488

 volt: 0.551496

 volt: 0.370153

 volt: 0.148221

 volt: -0.138692

 volt: -0.254177

 volt: 0.125381

 volt: 0.002241

 volt: -0.102311

 volt: -0.061915

 volt: 0.023094

 volt: 0.013187

 volt: -0.004675

 volt: -0.042488

 volt: -0.044073

 volt: -0.051634

 volt: -0.060634

 volt: -0.082441

 volt: -0.168326

 volt: -0.318342

 volt: -0.604502

 volt: -0.833122

 volt: -0.872265

 volt: -0.835621

 volt: -0.807713

 volt: -0.826004

 volt: -0.860784

 volt: -0.902844

 volt: -0.943041

 volt: -0.977629

 volt: -1.002184

 volt: -1.056925

 volt: -1.044791

 volt: -0.971174

 volt: -0.926796

 volt: -0.916144

 volt: -0.884260

 volt: -0.780956

 volt: -0.643779

 volt: -0.575415

 volt: -0.484031

 volt: -0.304492

 volt: -0.137655

 volt: 0.012456

 volt: 0.145175

 volt: 0.200156

 volt: 0.179065

 volt: 0.230281

 volt: 0.373267

 volt: 0.562404

 volt: 0.650220

 volt: 0.749110

 volt: 0.966240

 volt: 1.036810

 volt: 0.934762

 volt: 0.894488

 volt: 0.974779

 volt: 1.035774

 volt: 1.019023

 volt: 0.961493

 volt: 0.959914

 volt: 0.983957

 volt: 0.991056

 volt: 0.993071

 volt: 0.983711

 volt: 0.967760

 volt: 0.941547

 volt: 0.878239

 volt: 0.769197

 volt: 0.645776

 volt: 0.572685

 volt: 0.445539

 volt: 0.183980

 volt: -0.073332

 volt: -0.201775

 volt: -0.190999

 volt: -0.121530

 volt: -0.168140

 volt: -0.309541

 volt: -0.445521

 volt: -0.510648

 volt: -0.533177

 volt: -0.629689

 volt: -0.763132

 volt: -0.939319

 volt: -1.007033

 volt: -0.930525

 volt: -0.874958

 volt: -0.934297

 volt: -1.003630

 volt: -1.018711

 volt: -1.007960

 volt: -0.996264

 volt: -0.992187

 volt: -0.976221

 volt: -0.969582

 volt: -0.938803

 volt: -0.864712

 volt: -0.759119

 volt: -0.615831

 volt: -0.481822

 volt: -0.320206

 volt: -0.120418

 volt: 0.078657

 volt: 0.169218

 volt: 0.199547

 volt: 0.209705

 volt: 0.318449

 volt: 0.530185

 volt: 0.889408

 volt: 1.096942

 volt: 0.925389

 volt: 0.692199

 volt: 0.702939

 volt: 0.867454

 volt: 0.936302

 volt: 0.900300

 volt: 0.878263

 volt: 0.930993

 volt: 0.973186

 volt: 1.001501

 volt: 1.013207

 volt: 1.023185

 volt: 1.017571

 volt: 0.994411

 volt: 0.977931

 volt: 0.968041

 volt: 0.917673

 volt: 0.800048

 volt: 0.708050

 volt: 0.711694

 volt: 0.760830

 volt: 0.756297

 volt: 0.704385

 volt: 0.662036

 volt: 0.642966

 volt: 0.556409

 volt: 0.427850

 volt: 0.310480

 volt: 0.215499

 volt: 0.105358

 volt: -0.121378

 volt: -0.312829

 volt: -0.281457

 volt: -0.193707

 volt: -0.275646

 volt: -0.443234

 volt: -0.578015

 volt: -0.608421

 volt: -0.652378

 volt: -0.777334

 volt: -0.895242

 volt: -0.901653

 volt: -0.853926

 volt: -0.835961

 volt: -0.890851

 volt: -0.960763

 volt: -0.980194

 volt: -0.987526

 volt: -1.010662

 volt: -1.039189

 volt: -1.024092

 volt: -0.976269

 volt: -0.927032

 volt: -0.883388

 volt: -0.804409

 volt: -0.734590

 volt: -0.714585

 volt: -0.732768

 volt: -0.710034

 volt: -0.638094

 volt: -0.540840

 volt: -0.451994

 volt: -0.346891

 volt: -0.172874

 volt: 0.045109

 volt: 0.182178

 ******
 * simple test

 ****** transient analysis tnom=  25.000 temp=  25.000 ******
x

 time         voltage    voltage   
             o          i          
    0.        -74.2979m    0.      
  100.00000u  975.2826m  950.7050m 
  200.00000u  557.5605m  586.7166m 
  300.00000u -663.8262m -587.1943m 
  400.00000u -941.2667m -950.8278m 
  500.00000u  144.4516m -244.9294a 
  600.00000u  963.9976m  948.9055m 
  700.00000u  539.1523m  587.0484m 
  800.00000u -717.6592m -586.8570m 
  900.00000u -889.1566m -950.5418m 
    1.00000m  162.9330m -489.8587a 
    1.10000m  984.0899m  950.7749m 
    1.20000m  543.8844m  587.2352m 
    1.30000m -646.3390m -587.3582m 
    1.40000m -915.1223m -949.0665m 
    1.50000m  206.1551m -734.7881a 
    1.60000m  992.7966m  950.5172m 
    1.70000m  531.4808m  587.5994m 
    1.80000m -649.7317m -587.4486m 
    1.90000m -915.2099m -951.0192m 
    2.00000m  175.3028m -979.7174a 
    2.10000m  965.2265m  950.5194m 
    2.20000m  549.9726m  586.8693m 
    2.30000m -689.3635m -584.0004m 
    2.40000m -952.4706m -944.3183m 
    2.50000m  198.9771m   -1.2246f 
    2.60000m  951.6746m  950.9076m 
    2.70000m  541.8812m  587.2604m 
    2.80000m -754.5621m -585.5403m 
    2.90000m -943.5893m -950.2876m 
    3.00000m  180.7649m   -1.4696f 
    3.10000m  990.0194m  950.6745m 
    3.20000m  474.3896m  585.7123m 
    3.30000m -646.1650m -587.4567m 
    3.40000m -922.7470m -950.7135m 
    3.50000m  146.0003m   -1.7145f 
    3.60000m  970.2369m  950.7426m 
    3.70000m  470.9812m  587.0843m 
    3.80000m -870.3429m -586.1573m 
    3.90000m -918.6682m -949.0449m 
    4.00000m  199.7173m   -1.9594f 
    4.10000m  933.9892m  950.7835m 
    4.20000m  550.1573m  587.0438m 
    4.30000m -592.8156m -587.7753m 
    4.40000m -953.9437m -949.6415m 
    4.50000m  131.4297m   -2.2044f 
    4.60000m  975.8911m  950.1973m 
    4.70000m  530.5766m  587.6079m 
    4.80000m -665.9931m -583.3866m 
    4.90000m -951.2442m -950.4625m 
    5.00000m  236.0947m    4.6561f 
    5.10000m  961.3310m  950.0479m 
    5.20000m  539.9647m  587.3912m 
    5.30000m -703.9151m -580.0651m 
    5.40000m -939.5576m -950.8647m 
    5.50000m  251.5168m    4.4112f 
    5.60000m  993.7490m  950.2113m 
    5.70000m  542.7832m  587.6283m 
    5.80000m -738.5805m -586.8282m 
    5.90000m -937.8972m -950.9740m 
    6.00000m  181.7309m   11.2717f 
    6.10000m  980.4286m  950.8899m 
    6.20000m  536.0269m  586.4346m 
    6.30000m -802.5671m -587.2966m 
    6.40000m -949.7057m -949.1940m 
    6.50000m  383.6562m   18.1322f 
    6.60000m  969.3215m  950.6717m 
    6.70000m  530.5930m  587.7757m 
    6.80000m -718.0136m -585.7141m 
    6.90000m -945.1602m -949.7692m 
    7.00000m  311.7014m   24.9927f 
    7.10000m  981.8752m  950.2045m 
    7.20000m  542.3025m  584.4569m 
    7.30000m -758.2460m -587.2233m 
    7.40000m -938.9731m -946.6385m 
    7.50000m  161.0294m   31.8532f 
    7.60000m    1.0106   950.2505m 
    7.70000m  555.1254m  583.1006m 
    7.80000m -729.4195m -586.5046m 
    7.90000m -942.4714m -948.7447m 
    8.00000m  140.8590m   38.7137f 
    8.10000m  998.2702m  950.9141m 
    8.20000m  532.2019m  587.4490m 
    8.30000m -703.7638m -587.5562m 
    8.40000m -937.4247m -950.1543m 
    8.50000m  137.3603m   45.5742f 
    8.60000m  975.4007m  950.6347m 
    8.70000m  544.3733m  587.4462m 
    8.80000m -839.2728m -586.6651m 
    8.90000m -919.7364m -950.3774m 
    9.00000m  145.1751m   38.2238f 
    9.10000m  905.1538m  950.6382m 
    9.20000m  506.9704m  584.4878m 
    9.30000m -648.2342m -587.4699m 
    9.40000m -947.1898m -949.7382m 
    9.50000m  169.2179m   45.0843f 
    9.60000m  966.7323m  950.6639m 
    9.70000m  568.1073m  587.2949m 
    9.80000m -646.3607m -587.3597m 
    9.90000m -928.4603m -950.7577m 
   10.00000m  182.1779m   -4.8986f 
y

          ***** job concluded
 ******  
 * simple test

 ****** job statistics summary tnom=  25.000 temp=  25.000 ******
  
 ******  Machine Information  ******
 CPU:
 model name	: Intel(R) Xeon(R) Silver 4316 CPU @ 2.30GHz
 cpu MHz	: 800.000
 CPU(s)		: 40
  
 OS:
 Linux version 3.10.0-1160.102.1.el7.x86_64 (mockbuild@kbuilder.bsys.centos.org) (gcc version 4.8.5 20150623 (Red Hat 4.8.5-44) (GCC) ) #1 SMP Tue Oct 17 15:42:21 UTC 2023

 System loadavg : 14.60 14.31 14.13 15/2029 18758


  ******  PrimeSim HSPICE Threads Information  ******

  Command Line Threads Count :     1
  Available CPU Count        :    40
  Actual Threads Count       :     1


  ******  Circuit Statistics  ******
  # nodes       =       3 # elements   =       3
  # resistors   =       1 # capacitors =       0 # inductors   =       0
  # mutual_inds =       0 # vccs       =       0 # vcvs        =       0
  # cccs        =       0 # ccvs       =       0 # volt_srcs   =       1
  # curr_srcs   =       0 # diodes     =       0 # bjts        =       0
  # jfets       =       0 # mosfets    =       0 # U elements  =       0
  # T elements  =       0 # W elements =       0 # B elements  =       0
  # S elements  =       0 # P elements =       0 # va device   =       1
  # vector_srcs =       0 # N elements =       0


  ******  Runtime Statistics (seconds)  ******

  analysis           time    # points   tot. iter  conv.iter
  op point           0.01           1           4
  transient          2.90         101        2856        1428 rev=        27
  readin             0.88
  errchk             0.00
  setup              0.00
  output             0.00


           peak memory used        537.76 megabytes
           total cpu time            3.80 seconds
           total elapsed time        3.85 seconds
           job started at     04:34:31 09/08/2025
           job ended   at     04:34:35 09/08/2025
           job total runtime         3.85 seconds


 lic: Release hspice token(s) 
 lic: total license checkout elapse time:        0.05(s)
